<?xml version="1.0" encoding="UTF-8"?>
<!-- Generated by org.testng.reporters.JUnitReportReporter -->
<testsuite hostname="INLEN8520068491" failures="0" tests="3" name="sprintOptions.ContactRunner" time="0.024" errors="0" timestamp="11 Jun 2022 05:28:31 GMT">
  <testcase classname="sprintOptions.ContactRunner" name="feature" time="0.005"/>
  <testcase classname="sprintOptions.ContactRunner" name="feature" time="0.004"/>
  <testcase classname="sprintOptions.ContactRunner" name="feature" time="0.015"/>
</testsuite> <!-- sprintOptions.ContactRunner -->
