<?xml version="1.0" encoding="UTF-8"?>
<!-- Generated by org.testng.reporters.JUnitReportReporter -->
<testsuite hostname="INLEN8520068491" failures="0" tests="1" name="pages.NewsletterPage" time="17.130" errors="0" timestamp="11 Jun 2022 05:28:31 GMT">
  <testcase classname="pages.NewsletterPage" name="initialize" time="17.130"/>
</testsuite> <!-- pages.NewsletterPage -->
