<?xml version="1.0" encoding="UTF-8"?>
<!-- Generated by org.testng.reporters.JUnitReportReporter -->
<testsuite hostname="INLEN8520068491" failures="0" tests="3" name="sprintOptions.NavigationRunner" time="0.015" errors="0" timestamp="11 Jun 2022 05:28:31 GMT">
  <testcase classname="sprintOptions.NavigationRunner" name="feature" time="0.009"/>
  <testcase classname="sprintOptions.NavigationRunner" name="feature" time="0.003"/>
  <testcase classname="sprintOptions.NavigationRunner" name="feature" time="0.003"/>
</testsuite> <!-- sprintOptions.NavigationRunner -->
