<?xml version="1.0" encoding="UTF-8"?>
<!-- Generated by org.testng.reporters.JUnitReportReporter -->
<testsuite hostname="INLEN8520068491" failures="0" tests="3" name="sprintOptions.NewsletterRunner" time="0.018" errors="0" timestamp="11 Jun 2022 05:28:31 GMT">
  <testcase classname="sprintOptions.NewsletterRunner" name="feature" time="0.009"/>
  <testcase classname="sprintOptions.NewsletterRunner" name="feature" time="0.005"/>
  <testcase classname="sprintOptions.NewsletterRunner" name="feature" time="0.004"/>
</testsuite> <!-- sprintOptions.NewsletterRunner -->
