<?xml version="1.0" encoding="UTF-8"?>
<!-- Generated by org.testng.reporters.JUnitReportReporter -->
<testsuite hostname="INLEN8520068491" failures="0" tests="1" name="pages.Contactus" time="17.589" errors="0" timestamp="11 Jun 2022 05:28:31 GMT">
  <testcase classname="pages.Contactus" name="initialize" time="17.589"/>
</testsuite> <!-- pages.Contactus -->
